{"message":"Unauthorized request to path: /bookmarks","level":"error"}
{"message":"Unauthorized request to path: /bookmarks","level":"error"}
{"message":"Unauthorized request to path: /bookmarks","level":"error"}
{"message":"Unauthorized request to path: /","level":"error"}
{"message":"Unauthorized request to path: /","level":"error"}
{"message":"Unauthorized request to path: /","level":"error"}
{"message":"Unauthorized request to path: /","level":"error"}
{"message":"Bookmark with id 2 not found.","level":"error"}
{"message":"Bookmark with id 47f86879-ec63-47e6-a1c2-cd3fbc3868b9 created.","level":"info"}
{"message":"Bookmark with id 1 deleted.","level":"info"}
{"message":"Bookmark with id c5fa9ba9-03e1-4d49-acec-529385604af6 created.","level":"info"}
{"message":"Bookmark with id bf2d7ece-f7e3-4b7d-a232-be9951453bd5 created.","level":"info"}
{"message":"Bookmark with id c5fa9ba9-03e1-4d49-acec-529385604af6 deleted.","level":"info"}
{"message":"Bookmark with id bf2d7ece-f7e3-4b7d-a232-be9951453bd5 deleted.","level":"info"}
{"message":"Bookmark with id bf2d7ece-f7e3-4b7d-a232-be9951453bd5 not found.","level":"error"}
{"message":"Title is required","level":"error"}
{"message":"URL is required","level":"error"}
{"message":"Description is required","level":"error"}
{"message":"Bookmark with id 6d27927b-47ab-4159-874e-a42937b7c1fa created.","level":"info"}
{"message":"Bookmark with id 0e29cbce-f7f6-4584-8598-460b00eb4c4b created.","level":"info"}
{"message":"Bookmark with id b8add407-09f3-4d12-8fe0-ed07bb6df6f5 created.","level":"info"}
{"message":"Bookmark with id 3f358e6f-4a37-48d4-aba3-ebed10195630 created.","level":"info"}
{"message":"Bookmark with id 6d27927b-47ab-4159-874e-a42937b7c1fa deleted.","level":"info"}
{"message":"Bookmark with id 4c6c53c9-ac3c-47c0-aa13-6c800cf35c4e created.","level":"info"}
{"message":"Bookmark with id 1 deleted.","level":"info"}
{"message":"Bookmark with id 1 not found.","level":"error"}
{"message":"Invalid url: wwwkwkeke","level":"error"}
{"message":"Invalid url: www.taylor.com","level":"error"}
{"message":"Invalid url: www.facebook.com","level":"error"}
{"message":"Bookmark with id 6d7a87e3-3d25-40f4-8521-7de9b82c97bf created.","level":"info"}
{"message":"Invalid rating: 10","level":"error"}
{"message":"Invalid rating: hi","level":"error"}
{"message":"Bookmark with id 8a5c20ee-0af9-4db5-a4c5-6a7ba6c75e5b created.","level":"info"}
{"message":"Bookmark with id 1 deleted.","level":"info"}
{"message":"Bookmark with id 1 not found.","level":"error"}
{"message":"Bookmark with id bf280c79-a163-4166-8603-7d5106b44114 created.","level":"info"}
{"message":"Bookmark with id bf280c79-a163-4166-8603-7d5106b44114 deleted.","level":"info"}
{"message":"Unauthorized request to path: /","level":"error"}
{"message":"Unauthorized request to path: /bookmarks","level":"error"}
{"message":"Unauthorized request to path: /bookmarks","level":"error"}
{"message":"Unauthorized request to path: /bookmarks","level":"error"}
{"message":"Unauthorized request to path: /","level":"error"}
{"message":"Unauthorized request to path: /","level":"error"}
{"message":"Unauthorized request to path: /","level":"error"}
{"message":"Unauthorized request to path: /","level":"error"}
{"message":"Unauthorized request to path: /","level":"error"}
{"message":"Unauthorized request to path: /","level":"error"}
{"message":"Unauthorized request to path: /","level":"error"}
{"message":"Unauthorized request to path: /","level":"error"}
{"message":"Unauthorized request to path: /bookmarks","level":"error"}
{"message":"Unauthorized request to path: /bookmarks/:bookmark_id","level":"error"}
{"message":"Unauthorized request to path: /","level":"error"}
{"message":"Bookmark with id 8b4f35b5-679d-4321-9a84-48b1fb9041f6 created.","level":"info"}
{"message":"Bookmark with id fdeded2a-6b4a-48b2-b58a-67eaf85e7e90 created.","level":"info"}
{"message":"Unauthorized request to path: /","level":"error"}
{"message":"Title is required","level":"error"}
